[0mCompiling "resources/public/js/main.js" from ["src"]...
Compiling /Users/lbuckley/om-tutorial/src/om_tutorial/core.cljs
Compiling target/figwheel_temp/dev/figwheel/connect.cljs
Reading analysis cache for file:/Users/lbuckley/om-tutorial/src/om_tutorial/core.cljs
notifying browser that file changed:  resources/public/js/goog/deps.js
notifying browser that file changed:  resources/public/js/cljs_deps.js
notifying browser that file changed:  out/om_tutorial/core.js
[32mSuccessfully compiled "resources/public/js/main.js" in 0.279 seconds.[0m
[0mCompiling "resources/public/js/main.js" from ["src"]...
Compiling /Users/lbuckley/om-tutorial/src/om_tutorial/core.cljs
Compiling target/figwheel_temp/dev/figwheel/connect.cljs
Reading analysis cache for file:/Users/lbuckley/om-tutorial/src/om_tutorial/core.cljs
notifying browser that file changed:  out/om_tutorial/core.js
[32mSuccessfully compiled "resources/public/js/main.js" in 0.164 seconds.[0m
[0mCompiling "resources/public/js/main.js" from ["src"]...
Compiling /Users/lbuckley/om-tutorial/src/om_tutorial/core.cljs
Compiling target/figwheel_temp/dev/figwheel/connect.cljs
Reading analysis cache for file:/Users/lbuckley/om-tutorial/src/om_tutorial/core.cljs
notifying browser that file changed:  out/om_tutorial/core.js
[32mSuccessfully compiled "resources/public/js/main.js" in 0.178 seconds.[0m
[0mCompiling "resources/public/js/main.js" from ["src"]...
Compiling /Users/lbuckley/om-tutorial/src/om_tutorial/core.cljs
Compiling target/figwheel_temp/dev/figwheel/connect.cljs
notifying browser that file changed:  out/om_tutorial/core.js
[32mSuccessfully compiled "resources/public/js/main.js" in 0.193 seconds.[0m
[0mCompiling "resources/public/js/main.js" from ["src"]...
Compiling /Users/lbuckley/om-tutorial/src/om_tutorial/core.cljs
Compiling target/figwheel_temp/dev/figwheel/connect.cljs
notifying browser that file changed:  out/om_tutorial/core.js
[32mSuccessfully compiled "resources/public/js/main.js" in 0.185 seconds.[0m
[0mCompiling "resources/public/js/main.js" from ["src"]...
Compiling /Users/lbuckley/om-tutorial/src/om_tutorial/core.cljs
Compiling target/figwheel_temp/dev/figwheel/connect.cljs
notifying browser that file changed:  out/om_tutorial/core.js
[32mSuccessfully compiled "resources/public/js/main.js" in 0.18 seconds.[0m
[0mCompiling "resources/public/js/main.js" from ["src"]...
Compiling /Users/lbuckley/om-tutorial/src/om_tutorial/core.cljs
Compiling target/figwheel_temp/dev/figwheel/connect.cljs
notifying browser that file changed:  out/om_tutorial/core.js
[32mSuccessfully compiled "resources/public/js/main.js" in 0.187 seconds.[0m
[0mCompiling "resources/public/js/main.js" from ["src"]...
Compiling /Users/lbuckley/om-tutorial/src/om_tutorial/core.cljs
Compiling target/figwheel_temp/dev/figwheel/connect.cljs
notifying browser that file changed:  out/om_tutorial/core.js
[32mSuccessfully compiled "resources/public/js/main.js" in 0.185 seconds.[0m
[0mCompiling "resources/public/js/main.js" from ["src"]...
Compiling /Users/lbuckley/om-tutorial/src/om_tutorial/core.cljs
Compiling target/figwheel_temp/dev/figwheel/connect.cljs
notifying browser that file changed:  out/om_tutorial/core.js
[32mSuccessfully compiled "resources/public/js/main.js" in 0.181 seconds.[0m
[0mCompiling "resources/public/js/main.js" from ["src"]...
Compiling /Users/lbuckley/om-tutorial/src/om_tutorial/core.cljs
Compiling target/figwheel_temp/dev/figwheel/connect.cljs
notifying browser that file changed:  out/om_tutorial/core.js
[32mSuccessfully compiled "resources/public/js/main.js" in 0.202 seconds.[0m
[0mCompiling "resources/public/js/main.js" from ["src"]...
Compiling /Users/lbuckley/om-tutorial/src/om_tutorial/core.cljs
Compiling target/figwheel_temp/dev/figwheel/connect.cljs
notifying browser that file changed:  out/om_tutorial/core.js
[32mSuccessfully compiled "resources/public/js/main.js" in 0.195 seconds.[0m
[0mCompiling "resources/public/js/main.js" from ["src"]...
Compiling /Users/lbuckley/om-tutorial/src/om_tutorial/core.cljs
Compiling target/figwheel_temp/dev/figwheel/connect.cljs
notifying browser that file changed:  out/om_tutorial/core.js
[32mSuccessfully compiled "resources/public/js/main.js" in 0.185 seconds.[0m
[0mCompiling "resources/public/js/main.js" from ["src"]...
Compiling /Users/lbuckley/om-tutorial/src/om_tutorial/core.cljs
Compiling target/figwheel_temp/dev/figwheel/connect.cljs
notifying browser that file changed:  out/om_tutorial/core.js
[32mSuccessfully compiled "resources/public/js/main.js" in 0.179 seconds.[0m
[0mCompiling "resources/public/js/main.js" from ["src"]...
Compiling /Users/lbuckley/om-tutorial/src/om_tutorial/core.cljs
Compiling target/figwheel_temp/dev/figwheel/connect.cljs
notifying browser that file changed:  out/om_tutorial/core.js
[32mSuccessfully compiled "resources/public/js/main.js" in 0.18 seconds.[0m
[0mCompiling "resources/public/js/main.js" from ["src"]...
Compiling /Users/lbuckley/om-tutorial/src/om_tutorial/core.cljs
Compiling target/figwheel_temp/dev/figwheel/connect.cljs
notifying browser that file changed:  out/om_tutorial/core.js
[32mSuccessfully compiled "resources/public/js/main.js" in 0.191 seconds.[0m
[0mCompiling "resources/public/js/main.js" from ["src"]...
Compiling /Users/lbuckley/om-tutorial/src/om_tutorial/core.cljs
Compiling target/figwheel_temp/dev/figwheel/connect.cljs
notifying browser that file changed:  out/om_tutorial/core.js
[32mSuccessfully compiled "resources/public/js/main.js" in 0.189 seconds.[0m
[0mCompiling "resources/public/js/main.js" from ["src"]...
Compiling /Users/lbuckley/om-tutorial/src/om_tutorial/core.cljs
Compiling target/figwheel_temp/dev/figwheel/connect.cljs
notifying browser that file changed:  out/om_tutorial/core.js
[32mSuccessfully compiled "resources/public/js/main.js" in 0.195 seconds.[0m
[0mCompiling "resources/public/js/main.js" from ["src"]...
notifying browser that file changed:  out/om_tutorial/core.js
[32mSuccessfully compiled "resources/public/js/main.js" in 0.143 seconds.[0m
[0mCompiling "resources/public/js/main.js" from ["src"]...
[32mSuccessfully compiled "resources/public/js/main.js" in 0.117 seconds.[0m
[0mCompiling "resources/public/js/main.js" from ["src"]...
[32mSuccessfully compiled "resources/public/js/main.js" in 0.119 seconds.[0m
[0mCompiling "resources/public/js/main.js" from ["src"]...
[0mCompiling "resources/public/js/main.js" from ["src"]...
[0mCompiling "resources/public/js/main.js" from ["src"]...
[0mCompiling "resources/public/js/main.js" from ["src"]...
[32mSuccessfully compiled "resources/public/js/main.js" in 0.118 seconds.[0m
[0mCompiling "resources/public/js/main.js" from ["src"]...
[32mSuccessfully compiled "resources/public/js/main.js" in 0.117 seconds.[0m
[0mCompiling "resources/public/js/main.js" from ["src"]...
[0mCompiling "resources/public/js/main.js" from ["src"]...
[0mCompiling "resources/public/js/main.js" from ["src"]...
[32mSuccessfully compiled "resources/public/js/main.js" in 0.122 seconds.[0m
[0mCompiling "resources/public/js/main.js" from ["src"]...
[32mSuccessfully compiled "resources/public/js/main.js" in 0.129 seconds.[0m
[0mCompiling "resources/public/js/main.js" from ["src"]...
[32mSuccessfully compiled "resources/public/js/main.js" in 0.126 seconds.[0m
[0mCompiling "resources/public/js/main.js" from ["src"]...
[32mSuccessfully compiled "resources/public/js/main.js" in 0.136 seconds.[0m
[0mCompiling "resources/public/js/main.js" from ["src"]...
[32mSuccessfully compiled "resources/public/js/main.js" in 0.12 seconds.[0m
[0mCompiling "resources/public/js/main.js" from ["src"]...
[32mSuccessfully compiled "resources/public/js/main.js" in 0.122 seconds.[0m
[0mCompiling "resources/public/js/main.js" from ["src"]...
[0mCompiling "resources/public/js/main.js" from ["src"]...
[0mCompiling "resources/public/js/main.js" from ["src"]...
[0mCompiling "resources/public/js/main.js" from ["src"]...
[32mSuccessfully compiled "resources/public/js/main.js" in 0.118 seconds.[0m
[0mCompiling "resources/public/js/main.js" from ["src"]...
[0mCompiling "resources/public/js/main.js" from ["src"]...
[0mCompiling "resources/public/js/main.js" from ["src"]...
[0mCompiling "resources/public/js/main.js" from ["src"]...
[0mCompiling "resources/public/js/main.js" from ["src"]...
[0mCompiling "resources/public/js/main.js" from ["src"]...
[0mCompiling "resources/public/js/main.js" from ["src"]...
[0mCompiling "resources/public/js/main.js" from ["src"]...
[0mCompiling "resources/public/js/main.js" from ["src"]...
[0mCompiling "resources/public/js/main.js" from ["src"]...
[0mCompiling "resources/public/js/main.js" from ["src"]...
[0mCompiling "resources/public/js/main.js" from ["src"]...
[0mCompiling "resources/public/js/main.js" from ["src"]...
